<?xml version="1.0" encoding="UTF-8"?>
<!-- Generated by org.testng.reporters.JUnitReportReporter -->
<testsuite hostname="DESKTOP-R0H844P" failures="0" tests="1" name="mavenforjenkins.UITest" time="21.470" errors="0" timestamp="2023-05-26T16:45:27 IST" skipped="0">
  <testcase classname="mavenforjenkins.UITest" name="startBrowser" time="21.470"/>
  <system-out/>
</testsuite> <!-- mavenforjenkins.UITest -->
